[debug] [2020-03-20T20:31:38.598Z] ----------------------------------------------------------------------
[debug] [2020-03-20T20:31:38.600Z] Command:       C:\Program Files\nodejs\node.exe C:\Users\shaik\AppData\Roaming\npm\node_modules\firebase-tools\lib\bin\firebase.js serve
[debug] [2020-03-20T20:31:38.601Z] CLI Version:   7.13.1
[debug] [2020-03-20T20:31:38.601Z] Platform:      win32
[debug] [2020-03-20T20:31:38.601Z] Node Version:  v13.9.0
[debug] [2020-03-20T20:31:38.602Z] Time:          Fri Mar 20 2020 22:31:38 GMT+0200 (Israel Standard Time)
[debug] [2020-03-20T20:31:38.602Z] ----------------------------------------------------------------------
[debug] [2020-03-20T20:31:38.602Z] 
[debug] [2020-03-20T20:31:38.610Z] > command requires scopes: ["email","openid","https://www.googleapis.com/auth/cloudplatformprojects.readonly","https://www.googleapis.com/auth/firebase","https://www.googleapis.com/auth/cloud-platform"]
[debug] [2020-03-20T20:31:38.611Z] > authorizing via signed-in user
[debug] [2020-03-20T20:31:38.611Z] [iam] checking project tdh201-cfc16 for permissions ["firebase.projects.get"]
[debug] [2020-03-20T20:31:38.613Z] >>> HTTP REQUEST POST https://cloudresourcemanager.googleapis.com/v1/projects/tdh201-cfc16:testIamPermissions  

[debug] [2020-03-20T20:31:39.861Z] <<< HTTP RESPONSE 200
[debug] [2020-03-20T20:31:39.864Z] >>> HTTP REQUEST GET https://firebase.googleapis.com/v1beta1/projects/tdh201-cfc16  
 
[debug] [2020-03-20T20:31:40.433Z] <<< HTTP RESPONSE 200
[info] 
[info] === Serving from 'C:\Users\shaik\OneDrive\מסמכים\studying\university\semester 9\dhc\website\Client'...
[info] 
[debug] [2020-03-20T20:31:40.446Z] >>> HTTP REQUEST GET https://firebase.googleapis.com/v1beta1/projects/tdh201-cfc16/webApps/-/config  
 
[debug] [2020-03-20T20:31:41.248Z] <<< HTTP RESPONSE 200
[info] i  hosting: Serving hosting files from: build
[info] +  hosting: Local server: http://localhost:5000
